[thegenerator.ml/index.html]
[thegenerator.ml/assets/images/the-generator-90x90.png]
[backblue.gif]
[fade.gif]
[index.html]
[cdn.ampproject.org/v0.js]
[thegenerator.ml/index-2.html]
[cdn.ampproject.org/v0/amp-analytics-0.1.js]
[cdn.ampproject.org/v0/amp-sidebar-0.1.js]
[arc.io/widget.js]
[thegenerator.ml/about.html]
[thegenerator.ml/invite.html]
[thegenerator.ml/discord.html]
[thegenerator.ml/assets/images/the-generator-800x800.png]
[thegenerator.ml/index.html]
[thegenerator.ml/index-2.html]
[cdn.ampproject.org/v0/amp-accordion-0.1.js]
[thegenerator.ml/about.html]
[thegenerator.ml/invite.html]
[thegenerator.ml/discord.html]
